<?xml version="1.0" encoding="UTF-8"?>
<testsuite xmlns:xsi="http://www.w3.org/2001/XMLSchema-instance" xsi:noNamespaceSchemaLocation="https://maven.apache.org/surefire/maven-surefire-plugin/xsd/surefire-test-report.xsd" name="com.jwtapp.repository.PostgresAccountRepositoryTest" time="0.935" tests="3" errors="0" skipped="0" failures="0">
  <properties>
[...]
</properties>
  <testcase name="exists" classname="com.jwtapp.repository.PostgresAccountRepositoryTest" time="0"/>
  <testcase name="save" classname="com.jwtapp.repository.PostgresAccountRepositoryTest" time="0"/>
  <testcase name="findAccountByUsername" classname="com.jwtapp.repository.PostgresAccountRepositoryTest" time="0.001"/>
</testsuite>